{"contracts\\proxy.sol":{"l":{"10":53,"11":53,"15":1,"19":1,"23":2,"28":5,"29":5,"30":5,"31":5,"32":5,"33":0,"40":4,"41":4,"42":2,"46":11,"52":108},"path":"C:\\College\\3Junior\\Blockchain\\lab4\\contracts\\proxy.sol","s":{"1":53,"2":53,"3":1,"4":1,"5":2,"6":5,"7":5,"8":5,"9":4,"10":4},"b":{"1":[1,1],"2":[1,1],"3":[0,5],"4":[2,2]},"f":{"1":53,"2":1,"3":1,"4":2,"5":5,"6":4,"7":11,"8":108},"fnMap":{"1":{"name":"constructor","line":9,"loc":{"start":{"line":9,"column":4},"end":{"line":12,"column":4}}},"2":{"name":"update","line":14,"loc":{"start":{"line":14,"column":4},"end":{"line":16,"column":4}}},"3":{"name":"changeOwner","line":18,"loc":{"start":{"line":18,"column":4},"end":{"line":20,"column":4}}},"4":{"name":"getOwner","line":22,"loc":{"start":{"line":22,"column":4},"end":{"line":24,"column":4}}},"5":{"name":null,"line":27,"loc":{"start":{"line":27,"column":4},"end":{"line":35,"column":4}}},"6":{"name":"onlyOwner","line":39,"loc":{"start":{"line":39,"column":4},"end":{"line":43,"column":4}}},"7":{"name":"GetContent","line":45,"loc":{"start":{"line":45,"column":4},"end":{"line":49,"column":4}}},"8":{"name":"SetContent","line":51,"loc":{"start":{"line":51,"column":4},"end":{"line":55,"column":4}}}},"statementMap":{"1":{"start":{"line":10,"column":8},"end":{"line":10,"column":40}},"2":{"start":{"line":11,"column":8},"end":{"line":11,"column":54}},"3":{"start":{"line":15,"column":8},"end":{"line":15,"column":54}},"4":{"start":{"line":19,"column":8},"end":{"line":19,"column":40}},"5":{"start":{"line":23,"column":8},"end":{"line":23,"column":37}},"6":{"start":{"line":28,"column":8},"end":{"line":28,"column":21}},"7":{"start":{"line":30,"column":8},"end":{"line":30,"column":20}},"8":{"start":{"line":32,"column":8},"end":{"line":32,"column":1117}},"9":{"start":{"line":40,"column":8},"end":{"line":40,"column":46}},"10":{"start":{"line":41,"column":8},"end":{"line":41,"column":72}}},"branchMap":{"1":{"line":14,"type":"if","locations":[{"start":{"line":14,"column":53},"end":{"line":14,"column":53}},{"start":{"line":14,"column":53},"end":{"line":14,"column":53}}]},"2":{"line":18,"type":"if","locations":[{"start":{"line":18,"column":53},"end":{"line":18,"column":53}},{"start":{"line":18,"column":53},"end":{"line":18,"column":53}}]},"3":{"line":32,"type":"if","locations":[{"start":{"line":32,"column":8},"end":{"line":32,"column":8}},{"start":{"line":32,"column":8},"end":{"line":32,"column":8}}]},"4":{"line":41,"type":"if","locations":[{"start":{"line":41,"column":8},"end":{"line":41,"column":8}},{"start":{"line":41,"column":8},"end":{"line":41,"column":8}}]}}},"contracts\\safe.sol":{"l":{"12":6,"13":5,"24":52,"28":2,"29":1,"30":1,"32":1,"33":0,"34":0,"37":1,"38":1,"41":1,"42":1,"46":2,"47":1,"48":0,"52":1,"53":1},"path":"C:\\College\\3Junior\\Blockchain\\lab4\\contracts\\safe.sol","s":{"1":6,"2":2,"3":1,"4":1,"5":1,"6":2,"7":0,"8":1},"b":{"1":[5,1],"2":[1,1],"3":[0,1],"4":[1,1],"5":[1,1]},"f":{"1":6,"2":52,"3":2,"4":2,"5":1},"fnMap":{"1":{"name":"onlyOwner","line":11,"loc":{"start":{"line":11,"column":4},"end":{"line":14,"column":4}}},"2":{"name":"constructor","line":23,"loc":{"start":{"line":23,"column":4},"end":{"line":25,"column":4}}},"3":{"name":"deposit","line":27,"loc":{"start":{"line":27,"column":4},"end":{"line":43,"column":4}}},"4":{"name":"withdraw","line":45,"loc":{"start":{"line":45,"column":4},"end":{"line":49,"column":4}}},"5":{"name":"takefee","line":51,"loc":{"start":{"line":51,"column":4},"end":{"line":54,"column":4}}}},"statementMap":{"1":{"start":{"line":12,"column":8},"end":{"line":12,"column":72}},"2":{"start":{"line":28,"column":8},"end":{"line":28,"column":61}},"3":{"start":{"line":29,"column":8},"end":{"line":29,"column":20}},"4":{"start":{"line":30,"column":8},"end":{"line":30,"column":79}},"5":{"start":{"line":32,"column":8},"end":{"line":32,"column":929}},"6":{"start":{"line":46,"column":8},"end":{"line":46,"column":61}},"7":{"start":{"line":48,"column":8},"end":{"line":48,"column":60}},"8":{"start":{"line":52,"column":8},"end":{"line":52,"column":71}}},"branchMap":{"1":{"line":12,"type":"if","locations":[{"start":{"line":12,"column":8},"end":{"line":12,"column":8}},{"start":{"line":12,"column":8},"end":{"line":12,"column":8}}]},"2":{"line":28,"type":"if","locations":[{"start":{"line":28,"column":8},"end":{"line":28,"column":8}},{"start":{"line":28,"column":8},"end":{"line":28,"column":8}}]},"3":{"line":32,"type":"if","locations":[{"start":{"line":32,"column":8},"end":{"line":32,"column":8}},{"start":{"line":32,"column":8},"end":{"line":32,"column":8}}]},"4":{"line":46,"type":"if","locations":[{"start":{"line":46,"column":8},"end":{"line":46,"column":8}},{"start":{"line":46,"column":8},"end":{"line":46,"column":8}}]},"5":{"line":51,"type":"if","locations":[{"start":{"line":51,"column":52},"end":{"line":51,"column":52}},{"start":{"line":51,"column":52},"end":{"line":51,"column":52}}]}}},"contracts\\SafeFactory.sol":{"l":{"12":51,"13":51,"17":1,"21":2,"22":2,"26":3,"30":1,"31":1},"path":"C:\\College\\3Junior\\Blockchain\\lab4\\contracts\\SafeFactory.sol","s":{"1":2,"2":3,"3":1},"b":{"1":[1,0],"2":[2,0],"3":[1,0]},"f":{"1":51,"2":1,"3":2,"4":3,"5":1},"fnMap":{"1":{"name":"constructor","line":11,"loc":{"start":{"line":11,"column":4},"end":{"line":14,"column":4}}},"2":{"name":"updateImplementation","line":16,"loc":{"start":{"line":16,"column":4},"end":{"line":18,"column":4}}},"3":{"name":"deploySafeProxy","line":20,"loc":{"start":{"line":20,"column":4},"end":{"line":23,"column":4}}},"4":{"name":"getAddress","line":25,"loc":{"start":{"line":25,"column":4},"end":{"line":27,"column":4}}},"5":{"name":"deploySafe","line":29,"loc":{"start":{"line":29,"column":4},"end":{"line":32,"column":4}}}},"statementMap":{"1":{"start":{"line":21,"column":8},"end":{"line":21,"column":77}},"2":{"start":{"line":26,"column":8},"end":{"line":26,"column":27}},"3":{"start":{"line":30,"column":8},"end":{"line":30,"column":50}}},"branchMap":{"1":{"line":16,"type":"if","locations":[{"start":{"line":16,"column":59},"end":{"line":16,"column":59}},{"start":{"line":16,"column":59},"end":{"line":16,"column":59}}]},"2":{"line":20,"type":"if","locations":[{"start":{"line":20,"column":40},"end":{"line":20,"column":40}},{"start":{"line":20,"column":40},"end":{"line":20,"column":40}}]},"3":{"line":29,"type":"if","locations":[{"start":{"line":29,"column":35},"end":{"line":29,"column":35}},{"start":{"line":29,"column":35},"end":{"line":29,"column":35}}]}}},"contracts\\SafeUpgradeable copy.sol":{"l":{"11":51,"15":2,"16":1,"29":2,"30":2,"31":2,"35":3,"36":2,"37":2,"39":2,"40":0,"41":0,"44":2,"45":2,"48":2,"49":2,"53":2,"54":1,"55":0,"59":1,"60":1},"path":"C:\\College\\3Junior\\Blockchain\\lab4\\contracts\\SafeUpgradeable copy.sol","s":{"1":2,"2":2,"3":3,"4":2,"5":2,"6":2,"7":2,"8":0,"9":1},"b":{"1":[1,1],"2":[2,0],"3":[2,1],"4":[0,2],"5":[1,1],"6":[1,1]},"f":{"1":51,"2":2,"3":2,"4":3,"5":2,"6":1},"fnMap":{"1":{"name":"constructor","line":10,"loc":{"start":{"line":10,"column":4},"end":{"line":12,"column":4}}},"2":{"name":"onlyOwner","line":14,"loc":{"start":{"line":14,"column":4},"end":{"line":17,"column":4}}},"3":{"name":"initialize","line":28,"loc":{"start":{"line":28,"column":4},"end":{"line":32,"column":4}}},"4":{"name":"deposit","line":34,"loc":{"start":{"line":34,"column":4},"end":{"line":50,"column":4}}},"5":{"name":"withdraw","line":52,"loc":{"start":{"line":52,"column":4},"end":{"line":56,"column":4}}},"6":{"name":"takefee","line":58,"loc":{"start":{"line":58,"column":4},"end":{"line":61,"column":4}}}},"statementMap":{"1":{"start":{"line":15,"column":8},"end":{"line":15,"column":72}},"2":{"start":{"line":29,"column":8},"end":{"line":29,"column":51}},"3":{"start":{"line":35,"column":8},"end":{"line":35,"column":61}},"4":{"start":{"line":36,"column":8},"end":{"line":36,"column":20}},"5":{"start":{"line":37,"column":8},"end":{"line":37,"column":79}},"6":{"start":{"line":39,"column":8},"end":{"line":39,"column":1117}},"7":{"start":{"line":53,"column":8},"end":{"line":53,"column":61}},"8":{"start":{"line":55,"column":8},"end":{"line":55,"column":60}},"9":{"start":{"line":59,"column":8},"end":{"line":59,"column":71}}},"branchMap":{"1":{"line":15,"type":"if","locations":[{"start":{"line":15,"column":8},"end":{"line":15,"column":8}},{"start":{"line":15,"column":8},"end":{"line":15,"column":8}}]},"2":{"line":29,"type":"if","locations":[{"start":{"line":29,"column":8},"end":{"line":29,"column":8}},{"start":{"line":29,"column":8},"end":{"line":29,"column":8}}]},"3":{"line":35,"type":"if","locations":[{"start":{"line":35,"column":8},"end":{"line":35,"column":8}},{"start":{"line":35,"column":8},"end":{"line":35,"column":8}}]},"4":{"line":39,"type":"if","locations":[{"start":{"line":39,"column":8},"end":{"line":39,"column":8}},{"start":{"line":39,"column":8},"end":{"line":39,"column":8}}]},"5":{"line":53,"type":"if","locations":[{"start":{"line":53,"column":8},"end":{"line":53,"column":8}},{"start":{"line":53,"column":8},"end":{"line":53,"column":8}}]},"6":{"line":58,"type":"if","locations":[{"start":{"line":58,"column":52},"end":{"line":58,"column":52}},{"start":{"line":58,"column":52},"end":{"line":58,"column":52}}]}}},"contracts\\SafeUpgradeable.sol":{"l":{"11":51,"15":2,"16":1,"29":2,"30":2,"31":2,"35":2,"36":1,"37":1,"39":1,"40":0,"41":0,"44":1,"45":1,"48":1,"49":1,"53":2,"54":1,"55":0,"59":1,"60":1},"path":"C:\\College\\3Junior\\Blockchain\\lab4\\contracts\\SafeUpgradeable.sol","s":{"1":2,"2":2,"3":2,"4":1,"5":1,"6":1,"7":2,"8":0,"9":1},"b":{"1":[1,1],"2":[2,0],"3":[1,1],"4":[0,1],"5":[1,1],"6":[1,1]},"f":{"1":51,"2":2,"3":2,"4":2,"5":2,"6":1},"fnMap":{"1":{"name":"constructor","line":10,"loc":{"start":{"line":10,"column":4},"end":{"line":12,"column":4}}},"2":{"name":"onlyOwner","line":14,"loc":{"start":{"line":14,"column":4},"end":{"line":17,"column":4}}},"3":{"name":"initialize","line":28,"loc":{"start":{"line":28,"column":4},"end":{"line":32,"column":4}}},"4":{"name":"deposit","line":34,"loc":{"start":{"line":34,"column":4},"end":{"line":50,"column":4}}},"5":{"name":"withdraw","line":52,"loc":{"start":{"line":52,"column":4},"end":{"line":56,"column":4}}},"6":{"name":"takefee","line":58,"loc":{"start":{"line":58,"column":4},"end":{"line":61,"column":4}}}},"statementMap":{"1":{"start":{"line":15,"column":8},"end":{"line":15,"column":72}},"2":{"start":{"line":29,"column":8},"end":{"line":29,"column":51}},"3":{"start":{"line":35,"column":8},"end":{"line":35,"column":61}},"4":{"start":{"line":36,"column":8},"end":{"line":36,"column":20}},"5":{"start":{"line":37,"column":8},"end":{"line":37,"column":79}},"6":{"start":{"line":39,"column":8},"end":{"line":39,"column":1117}},"7":{"start":{"line":53,"column":8},"end":{"line":53,"column":61}},"8":{"start":{"line":55,"column":8},"end":{"line":55,"column":60}},"9":{"start":{"line":59,"column":8},"end":{"line":59,"column":71}}},"branchMap":{"1":{"line":15,"type":"if","locations":[{"start":{"line":15,"column":8},"end":{"line":15,"column":8}},{"start":{"line":15,"column":8},"end":{"line":15,"column":8}}]},"2":{"line":29,"type":"if","locations":[{"start":{"line":29,"column":8},"end":{"line":29,"column":8}},{"start":{"line":29,"column":8},"end":{"line":29,"column":8}}]},"3":{"line":35,"type":"if","locations":[{"start":{"line":35,"column":8},"end":{"line":35,"column":8}},{"start":{"line":35,"column":8},"end":{"line":35,"column":8}}]},"4":{"line":39,"type":"if","locations":[{"start":{"line":39,"column":8},"end":{"line":39,"column":8}},{"start":{"line":39,"column":8},"end":{"line":39,"column":8}}]},"5":{"line":53,"type":"if","locations":[{"start":{"line":53,"column":8},"end":{"line":53,"column":8}},{"start":{"line":53,"column":8},"end":{"line":53,"column":8}}]},"6":{"line":58,"type":"if","locations":[{"start":{"line":58,"column":52},"end":{"line":58,"column":52}},{"start":{"line":58,"column":52},"end":{"line":58,"column":52}}]}}},"contracts\\testcoin.sol":{"l":{"8":51},"path":"C:\\College\\3Junior\\Blockchain\\lab4\\contracts\\testcoin.sol","s":{"1":51},"b":{},"f":{"1":51},"fnMap":{"1":{"name":"constructor","line":7,"loc":{"start":{"line":7,"column":2},"end":{"line":9,"column":2}}}},"statementMap":{"1":{"start":{"line":8,"column":4},"end":{"line":8,"column":28}}},"branchMap":{}}}