TN:
SF:C:\College\3Junior\Blockchain\lab4\contracts\proxy.sol
FN:9,constructor
FN:14,update
FN:18,changeOwner
FN:22,getOwner
FN:27,
FN:39,onlyOwner
FN:45,GetContent
FN:51,SetContent
FNF:8
FNH:8
FNDA:53,constructor
FNDA:1,update
FNDA:1,changeOwner
FNDA:2,getOwner
FNDA:5,
FNDA:4,onlyOwner
FNDA:11,GetContent
FNDA:108,SetContent
DA:10,53
DA:11,53
DA:15,1
DA:19,1
DA:23,2
DA:28,5
DA:29,5
DA:30,5
DA:31,5
DA:32,5
DA:33,0
DA:40,4
DA:41,4
DA:42,2
DA:46,11
DA:52,108
LF:16
LH:15
BRDA:14,1,0,1
BRDA:14,1,1,1
BRDA:18,2,0,1
BRDA:18,2,1,1
BRDA:32,3,0,0
BRDA:32,3,1,5
BRDA:41,4,0,2
BRDA:41,4,1,2
BRF:8
BRH:7
end_of_record
TN:
SF:C:\College\3Junior\Blockchain\lab4\contracts\safe.sol
FN:11,onlyOwner
FN:23,constructor
FN:27,deposit
FN:45,withdraw
FN:51,takefee
FNF:5
FNH:5
FNDA:6,onlyOwner
FNDA:52,constructor
FNDA:2,deposit
FNDA:2,withdraw
FNDA:1,takefee
DA:12,6
DA:13,5
DA:24,52
DA:28,2
DA:29,1
DA:30,1
DA:32,1
DA:33,0
DA:34,0
DA:37,1
DA:38,1
DA:41,1
DA:42,1
DA:46,2
DA:47,1
DA:48,0
DA:52,1
DA:53,1
LF:18
LH:15
BRDA:12,1,0,5
BRDA:12,1,1,1
BRDA:28,2,0,1
BRDA:28,2,1,1
BRDA:32,3,0,0
BRDA:32,3,1,1
BRDA:46,4,0,1
BRDA:46,4,1,1
BRDA:51,5,0,1
BRDA:51,5,1,1
BRF:10
BRH:9
end_of_record
TN:
SF:C:\College\3Junior\Blockchain\lab4\contracts\SafeFactory.sol
FN:11,constructor
FN:16,updateImplementation
FN:20,deploySafeProxy
FN:25,getAddress
FN:29,deploySafe
FNF:5
FNH:5
FNDA:51,constructor
FNDA:1,updateImplementation
FNDA:2,deploySafeProxy
FNDA:3,getAddress
FNDA:1,deploySafe
DA:12,51
DA:13,51
DA:17,1
DA:21,2
DA:22,2
DA:26,3
DA:30,1
DA:31,1
LF:8
LH:8
BRDA:16,1,0,1
BRDA:16,1,1,0
BRDA:20,2,0,2
BRDA:20,2,1,0
BRDA:29,3,0,1
BRDA:29,3,1,0
BRF:6
BRH:3
end_of_record
TN:
SF:C:\College\3Junior\Blockchain\lab4\contracts\SafeUpgradeable copy.sol
FN:10,constructor
FN:14,onlyOwner
FN:28,initialize
FN:34,deposit
FN:52,withdraw
FN:58,takefee
FNF:6
FNH:6
FNDA:51,constructor
FNDA:2,onlyOwner
FNDA:2,initialize
FNDA:3,deposit
FNDA:2,withdraw
FNDA:1,takefee
DA:11,51
DA:15,2
DA:16,1
DA:29,2
DA:30,2
DA:31,2
DA:35,3
DA:36,2
DA:37,2
DA:39,2
DA:40,0
DA:41,0
DA:44,2
DA:45,2
DA:48,2
DA:49,2
DA:53,2
DA:54,1
DA:55,0
DA:59,1
DA:60,1
LF:21
LH:18
BRDA:15,1,0,1
BRDA:15,1,1,1
BRDA:29,2,0,2
BRDA:29,2,1,0
BRDA:35,3,0,2
BRDA:35,3,1,1
BRDA:39,4,0,0
BRDA:39,4,1,2
BRDA:53,5,0,1
BRDA:53,5,1,1
BRDA:58,6,0,1
BRDA:58,6,1,1
BRF:12
BRH:10
end_of_record
TN:
SF:C:\College\3Junior\Blockchain\lab4\contracts\SafeUpgradeable.sol
FN:10,constructor
FN:14,onlyOwner
FN:28,initialize
FN:34,deposit
FN:52,withdraw
FN:58,takefee
FNF:6
FNH:6
FNDA:51,constructor
FNDA:2,onlyOwner
FNDA:2,initialize
FNDA:2,deposit
FNDA:2,withdraw
FNDA:1,takefee
DA:11,51
DA:15,2
DA:16,1
DA:29,2
DA:30,2
DA:31,2
DA:35,2
DA:36,1
DA:37,1
DA:39,1
DA:40,0
DA:41,0
DA:44,1
DA:45,1
DA:48,1
DA:49,1
DA:53,2
DA:54,1
DA:55,0
DA:59,1
DA:60,1
LF:21
LH:18
BRDA:15,1,0,1
BRDA:15,1,1,1
BRDA:29,2,0,2
BRDA:29,2,1,0
BRDA:35,3,0,1
BRDA:35,3,1,1
BRDA:39,4,0,0
BRDA:39,4,1,1
BRDA:53,5,0,1
BRDA:53,5,1,1
BRDA:58,6,0,1
BRDA:58,6,1,1
BRF:12
BRH:10
end_of_record
TN:
SF:C:\College\3Junior\Blockchain\lab4\contracts\testcoin.sol
FN:7,constructor
FNF:1
FNH:1
FNDA:51,constructor
DA:8,51
LF:1
LH:1
BRF:0
BRH:0
end_of_record
